Detecting C compiler ABI info failed to compile with the following output:
Change Dir: /cygdrive/c/Users/victo/Documents/Proyects/Facultad/Algo2/Victor/Labo/Practicas/Ejercitacion06/ejercitacion_templates_corregida/cmake-build-debug/CMakeFiles/CMakeTmp

Run Build Command(s):/cygdrive/c/Strawberry/c/bin/gmake.exe cmTC_e8316/fast && C:/Strawberry/c/bin/gmake  -f CMakeFiles/cmTC_e8316.dir/build.make CMakeFiles/cmTC_e8316.dir/build
gmake[1]: Entering directory 'C:/Users/victo/Documents/Proyects/Facultad/Algo2/Victor/Labo/Practicas/Ejercitacion06/ejercitacion_templates_corregida/cmake-build-debug/CMakeFiles/CMakeTmp'
gmake[1]: *** No rule to make target '/cygdrive/c/Users/victo/AppData/Local/JetBrains/CLion2021.1/cygwin_cmake/share/cmake-3.19.2/Modules/CMakeCCompilerABI.c', needed by 'CMakeFiles/cmTC_e8316.dir/CMakeCCompilerABI.c.o'.  Stop.
gmake[1]: Leaving directory 'C:/Users/victo/Documents/Proyects/Facultad/Algo2/Victor/Labo/Practicas/Ejercitacion06/ejercitacion_templates_corregida/cmake-build-debug/CMakeFiles/CMakeTmp'
gmake: *** [Makefile:140: cmTC_e8316/fast] Error 2




Detecting CXX compiler ABI info failed to compile with the following output:
Change Dir: /cygdrive/c/Users/victo/Documents/Proyects/Facultad/Algo2/Victor/Labo/Practicas/Ejercitacion06/ejercitacion_templates_corregida/cmake-build-debug/CMakeFiles/CMakeTmp

Run Build Command(s):/cygdrive/c/Strawberry/c/bin/gmake.exe cmTC_6977e/fast && C:/Strawberry/c/bin/gmake  -f CMakeFiles/cmTC_6977e.dir/build.make CMakeFiles/cmTC_6977e.dir/build
gmake[1]: Entering directory 'C:/Users/victo/Documents/Proyects/Facultad/Algo2/Victor/Labo/Practicas/Ejercitacion06/ejercitacion_templates_corregida/cmake-build-debug/CMakeFiles/CMakeTmp'
gmake[1]: *** No rule to make target '/cygdrive/c/Users/victo/AppData/Local/JetBrains/CLion2021.1/cygwin_cmake/share/cmake-3.19.2/Modules/CMakeCXXCompilerABI.cpp', needed by 'CMakeFiles/cmTC_6977e.dir/CMakeCXXCompilerABI.cpp.o'.  Stop.
gmake[1]: Leaving directory 'C:/Users/victo/Documents/Proyects/Facultad/Algo2/Victor/Labo/Practicas/Ejercitacion06/ejercitacion_templates_corregida/cmake-build-debug/CMakeFiles/CMakeTmp'
gmake: *** [Makefile:140: cmTC_6977e/fast] Error 2




